::1 - - [06/Aug/2018:20:11:48 +0000] "GET / HTTP/1.1" 200 12 "-" "Mozilla/5.0 (Windows NT 10.0; Win64; x64) AppleWebKit/537.36 (KHTML, like Gecko) Chrome/68.0.3440.84 Safari/537.36"
::1 - - [06/Aug/2018:20:12:43 +0000] "GET / HTTP/1.1" 304 - "-" "Mozilla/5.0 (Windows NT 10.0; Win64; x64) AppleWebKit/537.36 (KHTML, like Gecko) Chrome/68.0.3440.84 Safari/537.36"
::1 - - [06/Aug/2018:20:12:43 +0000] "GET /robots.txt HTTP/1.1" 404 149 "-" "Mozilla/5.0 (Windows NT 10.0; Win64; x64) AppleWebKit/537.36 (KHTML, like Gecko) Chrome/68.0.3440.84 Safari/537.36"
::1 - - [06/Aug/2018:20:14:01 +0000] "POST /upload HTTP/1.1" 200 22 "http://localhost:4200/" "Mozilla/5.0 (Windows NT 10.0; Win64; x64) AppleWebKit/537.36 (KHTML, like Gecko) Chrome/68.0.3440.84 Safari/537.36"
::1 - - [06/Aug/2018:20:16:43 +0000] "POST /upload HTTP/1.1" 200 22 "http://localhost:4200/" "Mozilla/5.0 (Windows NT 10.0; Win64; x64) AppleWebKit/537.36 (KHTML, like Gecko) Chrome/68.0.3440.84 Safari/537.36"
::1 - - [06/Aug/2018:20:17:50 +0000] "POST /upload HTTP/1.1" 200 2 "http://localhost:4200/" "Mozilla/5.0 (Windows NT 10.0; Win64; x64) AppleWebKit/537.36 (KHTML, like Gecko) Chrome/68.0.3440.84 Safari/537.36"
::1 - - [06/Aug/2018:20:18:05 +0000] "POST /upload HTTP/1.1" 500 1276 "http://localhost:4200/" "Mozilla/5.0 (Windows NT 10.0; Win64; x64) AppleWebKit/537.36 (KHTML, like Gecko) Chrome/68.0.3440.84 Safari/537.36"
::1 - - [06/Aug/2018:20:20:42 +0000] "POST /upload HTTP/1.1" 200 509 "http://localhost:4200/" "Mozilla/5.0 (Windows NT 10.0; Win64; x64) AppleWebKit/537.36 (KHTML, like Gecko) Chrome/68.0.3440.84 Safari/537.36"
::1 - - [06/Aug/2018:20:24:14 +0000] "POST /upload HTTP/1.1" 200 1212 "http://localhost:4200/" "Mozilla/5.0 (Windows NT 10.0; Win64; x64) AppleWebKit/537.36 (KHTML, like Gecko) Chrome/68.0.3440.84 Safari/537.36"
::1 - - [06/Aug/2018:20:31:59 +0000] "POST /upload HTTP/1.1" 200 1212 "http://localhost:4200/" "Mozilla/5.0 (Windows NT 10.0; Win64; x64) AppleWebKit/537.36 (KHTML, like Gecko) Chrome/68.0.3440.84 Safari/537.36"
::1 - - [06/Aug/2018:20:32:22 +0000] "POST /upload HTTP/1.1" 200 1212 "http://localhost:4200/" "Mozilla/5.0 (Windows NT 10.0; Win64; x64) AppleWebKit/537.36 (KHTML, like Gecko) Chrome/68.0.3440.84 Safari/537.36"
::1 - - [06/Aug/2018:20:36:12 +0000] "POST /upload HTTP/1.1" 500 1082 "http://localhost:4200/" "Mozilla/5.0 (Windows NT 10.0; Win64; x64) AppleWebKit/537.36 (KHTML, like Gecko) Chrome/68.0.3440.84 Safari/537.36"
::1 - - [06/Aug/2018:20:36:26 +0000] "POST /upload HTTP/1.1" 500 1082 "http://localhost:4200/" "Mozilla/5.0 (Windows NT 10.0; Win64; x64) AppleWebKit/537.36 (KHTML, like Gecko) Chrome/68.0.3440.84 Safari/537.36"
::1 - - [06/Aug/2018:20:38:15 +0000] "POST /upload HTTP/1.1" 500 1082 "http://localhost:4200/" "Mozilla/5.0 (Windows NT 10.0; Win64; x64) AppleWebKit/537.36 (KHTML, like Gecko) Chrome/68.0.3440.84 Safari/537.36"
::1 - - [06/Aug/2018:20:46:36 +0000] "POST /upload HTTP/1.1" 500 1082 "http://localhost:4200/" "Mozilla/5.0 (Windows NT 10.0; Win64; x64) AppleWebKit/537.36 (KHTML, like Gecko) Chrome/68.0.3440.84 Safari/537.36"
::1 - - [06/Aug/2018:20:49:30 +0000] "POST /upload HTTP/1.1" 500 1082 "http://localhost:4200/" "Mozilla/5.0 (Windows NT 10.0; Win64; x64) AppleWebKit/537.36 (KHTML, like Gecko) Chrome/68.0.3440.84 Safari/537.36"
::1 - - [06/Aug/2018:20:50:44 +0000] "POST /upload HTTP/1.1" 500 1082 "http://localhost:4200/" "Mozilla/5.0 (Windows NT 10.0; Win64; x64) AppleWebKit/537.36 (KHTML, like Gecko) Chrome/68.0.3440.84 Safari/537.36"
::1 - - [06/Aug/2018:20:52:09 +0000] "POST /upload HTTP/1.1" 500 1082 "http://localhost:4200/" "Mozilla/5.0 (Windows NT 10.0; Win64; x64) AppleWebKit/537.36 (KHTML, like Gecko) Chrome/68.0.3440.84 Safari/537.36"
::1 - - [06/Aug/2018:20:54:57 +0000] "POST /upload HTTP/1.1" 500 1082 "http://localhost:4200/" "Mozilla/5.0 (Windows NT 10.0; Win64; x64) AppleWebKit/537.36 (KHTML, like Gecko) Chrome/68.0.3440.84 Safari/537.36"
::1 - - [06/Aug/2018:20:55:45 +0000] "POST /upload HTTP/1.1" 500 1082 "http://localhost:4200/" "Mozilla/5.0 (Windows NT 10.0; Win64; x64) AppleWebKit/537.36 (KHTML, like Gecko) Chrome/68.0.3440.84 Safari/537.36"
::1 - - [06/Aug/2018:21:07:36 +0000] "POST /upload HTTP/1.1" 500 261 "http://localhost:4200/" "Mozilla/5.0 (Windows NT 10.0; Win64; x64) AppleWebKit/537.36 (KHTML, like Gecko) Chrome/68.0.3440.84 Safari/537.36"
::1 - - [06/Aug/2018:21:09:17 +0000] "POST /upload HTTP/1.1" 200 362964 "http://localhost:4200/" "Mozilla/5.0 (Windows NT 10.0; Win64; x64) AppleWebKit/537.36 (KHTML, like Gecko) Chrome/68.0.3440.84 Safari/537.36"
::1 - - [06/Aug/2018:21:10:15 +0000] "POST /upload HTTP/1.1" 200 11 "http://localhost:4200/" "Mozilla/5.0 (Windows NT 10.0; Win64; x64) AppleWebKit/537.36 (KHTML, like Gecko) Chrome/68.0.3440.84 Safari/537.36"
::1 - - [06/Aug/2018:21:11:04 +0000] "POST /upload HTTP/1.1" 200 181133 "http://localhost:4200/" "Mozilla/5.0 (Windows NT 10.0; Win64; x64) AppleWebKit/537.36 (KHTML, like Gecko) Chrome/68.0.3440.84 Safari/537.36"
::1 - - [06/Aug/2018:21:12:53 +0000] "POST /upload HTTP/1.1" 200 1559 "http://localhost:4200/" "Mozilla/5.0 (Windows NT 10.0; Win64; x64) AppleWebKit/537.36 (KHTML, like Gecko) Chrome/68.0.3440.84 Safari/537.36"
::1 - - [06/Aug/2018:21:13:47 +0000] "POST /upload HTTP/1.1" 500 281 "http://localhost:4200/" "Mozilla/5.0 (Windows NT 10.0; Win64; x64) AppleWebKit/537.36 (KHTML, like Gecko) Chrome/68.0.3440.84 Safari/537.36"
::1 - - [06/Aug/2018:21:14:27 +0000] "POST /upload HTTP/1.1" 500 282 "http://localhost:4200/" "Mozilla/5.0 (Windows NT 10.0; Win64; x64) AppleWebKit/537.36 (KHTML, like Gecko) Chrome/68.0.3440.84 Safari/537.36"
::1 - - [06/Aug/2018:21:14:44 +0000] "POST /upload HTTP/1.1" 500 321 "http://localhost:4200/" "Mozilla/5.0 (Windows NT 10.0; Win64; x64) AppleWebKit/537.36 (KHTML, like Gecko) Chrome/68.0.3440.84 Safari/537.36"
::1 - - [06/Aug/2018:21:16:44 +0000] "POST /upload HTTP/1.1" 500 321 "http://localhost:4200/" "Mozilla/5.0 (Windows NT 10.0; Win64; x64) AppleWebKit/537.36 (KHTML, like Gecko) Chrome/68.0.3440.84 Safari/537.36"
::1 - - [06/Aug/2018:21:17:23 +0000] "POST /upload HTTP/1.1" 200 1587 "http://localhost:4200/" "Mozilla/5.0 (Windows NT 10.0; Win64; x64) AppleWebKit/537.36 (KHTML, like Gecko) Chrome/68.0.3440.84 Safari/537.36"
::1 - - [06/Aug/2018:21:21:47 +0000] "GET /images/four_string_braided-strap.jpg HTTP/1.1" 404 175 "-" "Mozilla/5.0 (Windows NT 10.0; Win64; x64) AppleWebKit/537.36 (KHTML, like Gecko) Chrome/68.0.3440.84 Safari/537.36"
::1 - - [06/Aug/2018:21:27:52 +0000] "GET /robots.txt HTTP/1.1" 404 149 "-" "Mozilla/5.0 (Windows NT 10.0; Win64; x64) AppleWebKit/537.36 (KHTML, like Gecko) Chrome/68.0.3440.84 Safari/537.36"
::1 - - [07/Aug/2018:07:49:40 +0000] "POST /upload HTTP/1.1" 200 1587 "http://localhost:4200/" "Mozilla/5.0 (Windows NT 10.0; Win64; x64) AppleWebKit/537.36 (KHTML, like Gecko) Chrome/68.0.3440.84 Safari/537.36"
::1 - - [07/Aug/2018:07:54:06 +0000] "POST /upload HTTP/1.1" 200 1529 "http://localhost:4200/" "Mozilla/5.0 (Windows NT 10.0; Win64; x64) AppleWebKit/537.36 (KHTML, like Gecko) Chrome/68.0.3440.84 Safari/537.36"
::1 - - [07/Aug/2018:07:55:17 +0000] "POST /upload HTTP/1.1" 200 1526 "http://localhost:4200/" "Mozilla/5.0 (Windows NT 10.0; Win64; x64) AppleWebKit/537.36 (KHTML, like Gecko) Chrome/68.0.3440.84 Safari/537.36"
::1 - - [07/Aug/2018:07:56:10 +0000] "POST /upload HTTP/1.1" 200 1529 "http://localhost:4200/" "Mozilla/5.0 (Windows NT 10.0; Win64; x64) AppleWebKit/537.36 (KHTML, like Gecko) Chrome/68.0.3440.84 Safari/537.36"
::1 - - [07/Aug/2018:08:01:59 +0000] "POST /upload HTTP/1.1" 200 1529 "http://localhost:4200/" "Mozilla/5.0 (Windows NT 10.0; Win64; x64) AppleWebKit/537.36 (KHTML, like Gecko) Chrome/68.0.3440.84 Safari/537.36"
::1 - - [07/Aug/2018:08:07:15 +0000] "POST /upload HTTP/1.1" 200 1529 "http://localhost:4200/" "Mozilla/5.0 (Windows NT 10.0; Win64; x64) AppleWebKit/537.36 (KHTML, like Gecko) Chrome/68.0.3440.84 Safari/537.36"
::1 - - [07/Aug/2018:08:08:10 +0000] "POST /upload HTTP/1.1" 200 1564 "http://localhost:4200/target=%22_blank%22" "Mozilla/5.0 (Windows NT 10.0; Win64; x64) AppleWebKit/537.36 (KHTML, like Gecko) Chrome/68.0.3440.84 Safari/537.36"
::1 - - [07/Aug/2018:08:08:45 +0000] "POST /upload HTTP/1.1" 200 1529 "http://localhost:4200/" "Mozilla/5.0 (Windows NT 10.0; Win64; x64) AppleWebKit/537.36 (KHTML, like Gecko) Chrome/68.0.3440.84 Safari/537.36"
::1 - - [07/Aug/2018:08:09:15 +0000] "POST /upload HTTP/1.1" 200 1526 "http://localhost:4200/" "Mozilla/5.0 (Windows NT 10.0; Win64; x64) AppleWebKit/537.36 (KHTML, like Gecko) Chrome/68.0.3440.84 Safari/537.36"
::1 - - [07/Aug/2018:08:09:36 +0000] "POST /upload HTTP/1.1" 200 1529 "http://localhost:4200/" "Mozilla/5.0 (Windows NT 10.0; Win64; x64) AppleWebKit/537.36 (KHTML, like Gecko) Chrome/68.0.3440.84 Safari/537.36"
::1 - - [07/Aug/2018:08:09:49 +0000] "GET /image/1533629376686_Task1.PNG HTTP/1.1" 404 168 "-" "Mozilla/5.0 (Windows NT 10.0; Win64; x64) AppleWebKit/537.36 (KHTML, like Gecko) Chrome/68.0.3440.84 Safari/537.36"
::1 - - [07/Aug/2018:08:09:49 +0000] "GET /robots.txt HTTP/1.1" 404 149 "-" "Mozilla/5.0 (Windows NT 10.0; Win64; x64) AppleWebKit/537.36 (KHTML, like Gecko) Chrome/68.0.3440.84 Safari/537.36"
::1 - - [07/Aug/2018:08:09:50 +0000] "GET /favicon.ico HTTP/1.1" 404 150 "http://localhost:3000/image/1533629376686_Task1.PNG" "Mozilla/5.0 (Windows NT 10.0; Win64; x64) AppleWebKit/537.36 (KHTML, like Gecko) Chrome/68.0.3440.84 Safari/537.36"
::1 - - [07/Aug/2018:08:10:21 +0000] "POST /upload HTTP/1.1" 200 1529 "http://localhost:4200/" "Mozilla/5.0 (Windows NT 10.0; Win64; x64) AppleWebKit/537.36 (KHTML, like Gecko) Chrome/68.0.3440.84 Safari/537.36"
::1 - - [07/Aug/2018:08:11:06 +0000] "POST /upload HTTP/1.1" 200 1529 "http://localhost:4200/" "Mozilla/5.0 (Windows NT 10.0; Win64; x64) AppleWebKit/537.36 (KHTML, like Gecko) Chrome/68.0.3440.84 Safari/537.36"
::1 - - [07/Aug/2018:08:30:41 +0000] "POST //festivals HTTP/1.1" 404 150 "http://localhost:4200/festivals" "Mozilla/5.0 (Windows NT 10.0; Win64; x64) AppleWebKit/537.36 (KHTML, like Gecko) Chrome/68.0.3440.84 Safari/537.36"
::1 - - [07/Aug/2018:08:30:43 +0000] "POST //festivals HTTP/1.1" 404 150 "http://localhost:4200/festivals" "Mozilla/5.0 (Windows NT 10.0; Win64; x64) AppleWebKit/537.36 (KHTML, like Gecko) Chrome/68.0.3440.84 Safari/537.36"
::1 - - [07/Aug/2018:08:30:44 +0000] "POST //festivals HTTP/1.1" 404 150 "http://localhost:4200/festivals" "Mozilla/5.0 (Windows NT 10.0; Win64; x64) AppleWebKit/537.36 (KHTML, like Gecko) Chrome/68.0.3440.84 Safari/537.36"
::1 - - [07/Aug/2018:08:30:52 +0000] "POST //festivals HTTP/1.1" 404 150 "http://localhost:4200/festivals" "Mozilla/5.0 (Windows NT 10.0; Win64; x64) AppleWebKit/537.36 (KHTML, like Gecko) Chrome/68.0.3440.84 Safari/537.36"
::1 - - [07/Aug/2018:08:30:55 +0000] "POST //festivals HTTP/1.1" 404 150 "http://localhost:4200/festivals" "Mozilla/5.0 (Windows NT 10.0; Win64; x64) AppleWebKit/537.36 (KHTML, like Gecko) Chrome/68.0.3440.84 Safari/537.36"
::1 - - [07/Aug/2018:08:30:56 +0000] "POST //festivals HTTP/1.1" 404 150 "http://localhost:4200/festivals" "Mozilla/5.0 (Windows NT 10.0; Win64; x64) AppleWebKit/537.36 (KHTML, like Gecko) Chrome/68.0.3440.84 Safari/537.36"
::1 - - [07/Aug/2018:08:30:57 +0000] "POST //festivals HTTP/1.1" 404 150 "http://localhost:4200/festivals" "Mozilla/5.0 (Windows NT 10.0; Win64; x64) AppleWebKit/537.36 (KHTML, like Gecko) Chrome/68.0.3440.84 Safari/537.36"
::1 - - [07/Aug/2018:08:31:03 +0000] "POST //festivals HTTP/1.1" 404 150 "http://localhost:4200/festivals" "Mozilla/5.0 (Windows NT 10.0; Win64; x64) AppleWebKit/537.36 (KHTML, like Gecko) Chrome/68.0.3440.84 Safari/537.36"
::1 - - [07/Aug/2018:08:38:38 +0000] "POST //festivals HTTP/1.1" 404 150 "http://localhost:4200/festivals" "Mozilla/5.0 (Windows NT 10.0; Win64; x64) AppleWebKit/537.36 (KHTML, like Gecko) Chrome/68.0.3440.84 Safari/537.36"
::1 - - [07/Aug/2018:08:39:14 +0000] "POST //festivals HTTP/1.1" 404 150 "http://localhost:4200/festivals" "Mozilla/5.0 (Windows NT 10.0; Win64; x64) AppleWebKit/537.36 (KHTML, like Gecko) Chrome/68.0.3440.84 Safari/537.36"
::1 - - [07/Aug/2018:08:47:50 +0000] "PUT //festivals/undefined HTTP/1.1" 404 159 "http://localhost:4200/festivals" "Mozilla/5.0 (Windows NT 10.0; Win64; x64) AppleWebKit/537.36 (KHTML, like Gecko) Chrome/68.0.3440.84 Safari/537.36"
::1 - - [07/Aug/2018:08:47:52 +0000] "POST //festivals HTTP/1.1" 404 150 "http://localhost:4200/festivals" "Mozilla/5.0 (Windows NT 10.0; Win64; x64) AppleWebKit/537.36 (KHTML, like Gecko) Chrome/68.0.3440.84 Safari/537.36"
::1 - - [07/Aug/2018:08:48:37 +0000] "POST //festivals HTTP/1.1" 404 150 "http://localhost:4200/festivals" "Mozilla/5.0 (Windows NT 10.0; Win64; x64) AppleWebKit/537.36 (KHTML, like Gecko) Chrome/68.0.3440.84 Safari/537.36"
::1 - - [07/Aug/2018:08:48:42 +0000] "POST //festivals HTTP/1.1" 404 150 "http://localhost:4200/festivals" "Mozilla/5.0 (Windows NT 10.0; Win64; x64) AppleWebKit/537.36 (KHTML, like Gecko) Chrome/68.0.3440.84 Safari/537.36"
::1 - - [07/Aug/2018:08:48:47 +0000] "PUT //festivals/undefined HTTP/1.1" 404 159 "http://localhost:4200/festivals" "Mozilla/5.0 (Windows NT 10.0; Win64; x64) AppleWebKit/537.36 (KHTML, like Gecko) Chrome/68.0.3440.84 Safari/537.36"
::1 - - [07/Aug/2018:08:48:52 +0000] "POST //festivals HTTP/1.1" 404 150 "http://localhost:4200/festivals" "Mozilla/5.0 (Windows NT 10.0; Win64; x64) AppleWebKit/537.36 (KHTML, like Gecko) Chrome/68.0.3440.84 Safari/537.36"
::1 - - [07/Aug/2018:09:00:39 +0000] "POST //festivals HTTP/1.1" 404 150 "http://localhost:4200/festivals" "Mozilla/5.0 (Windows NT 10.0; Win64; x64) AppleWebKit/537.36 (KHTML, like Gecko) Chrome/68.0.3440.84 Safari/537.36"
::1 - - [07/Aug/2018:09:19:52 +0000] "POST //festivals HTTP/1.1" 404 150 "http://localhost:4200/festivals" "Mozilla/5.0 (Windows NT 10.0; Win64; x64) AppleWebKit/537.36 (KHTML, like Gecko) Chrome/68.0.3440.84 Safari/537.36"
::1 - - [07/Aug/2018:11:47:16 +0000] "POST /upload HTTP/1.1" 500 1064 "http://localhost:4200/festivals" "Mozilla/5.0 (Windows NT 10.0; Win64; x64) AppleWebKit/537.36 (KHTML, like Gecko) Chrome/68.0.3440.84 Safari/537.36"
::1 - - [07/Aug/2018:11:54:51 +0000] "POST /upload HTTP/1.1" 200 1691 "http://localhost:4200/festivals" "Mozilla/5.0 (Windows NT 10.0; Win64; x64) AppleWebKit/537.36 (KHTML, like Gecko) Chrome/68.0.3440.84 Safari/537.36"
::1 - - [07/Aug/2018:11:55:42 +0000] "POST /upload HTTP/1.1" 200 1613 "http://localhost:4200/festivals" "Mozilla/5.0 (Windows NT 10.0; Win64; x64) AppleWebKit/537.36 (KHTML, like Gecko) Chrome/68.0.3440.84 Safari/537.36"
::1 - - [07/Aug/2018:11:56:32 +0000] "POST /upload HTTP/1.1" 200 1613 "http://localhost:4200/festivals" "Mozilla/5.0 (Windows NT 10.0; Win64; x64) AppleWebKit/537.36 (KHTML, like Gecko) Chrome/68.0.3440.84 Safari/537.36"
::1 - - [07/Aug/2018:11:57:28 +0000] "POST /upload HTTP/1.1" 200 1610 "http://localhost:4200/festivals" "Mozilla/5.0 (Windows NT 10.0; Win64; x64) AppleWebKit/537.36 (KHTML, like Gecko) Chrome/68.0.3440.84 Safari/537.36"
::1 - - [07/Aug/2018:12:01:20 +0000] "POST //festivals HTTP/1.1" 404 150 "http://localhost:4200/festivals" "Mozilla/5.0 (Windows NT 10.0; Win64; x64) AppleWebKit/537.36 (KHTML, like Gecko) Chrome/68.0.3440.84 Safari/537.36"
::1 - - [07/Aug/2018:12:02:05 +0000] "POST //festivals HTTP/1.1" 404 150 "http://localhost:4200/festivals" "Mozilla/5.0 (Windows NT 10.0; Win64; x64) AppleWebKit/537.36 (KHTML, like Gecko) Chrome/68.0.3440.84 Safari/537.36"
::1 - - [07/Aug/2018:12:02:08 +0000] "POST //festivals HTTP/1.1" 404 150 "http://localhost:4200/festivals" "Mozilla/5.0 (Windows NT 10.0; Win64; x64) AppleWebKit/537.36 (KHTML, like Gecko) Chrome/68.0.3440.84 Safari/537.36"
::1 - - [07/Aug/2018:12:09:20 +0000] "POST //festivals HTTP/1.1" 404 150 "http://localhost:4200/festivals" "Mozilla/5.0 (Windows NT 10.0; Win64; x64) AppleWebKit/537.36 (KHTML, like Gecko) Chrome/68.0.3440.84 Safari/537.36"
::1 - - [07/Aug/2018:12:10:57 +0000] "POST /upload HTTP/1.1" 200 1610 "http://localhost:4200/festivals" "Mozilla/5.0 (Windows NT 10.0; Win64; x64) AppleWebKit/537.36 (KHTML, like Gecko) Chrome/68.0.3440.84 Safari/537.36"
::1 - - [07/Aug/2018:12:11:40 +0000] "POST //festivals HTTP/1.1" 404 150 "http://localhost:4200/festivals" "Mozilla/5.0 (Windows NT 10.0; Win64; x64) AppleWebKit/537.36 (KHTML, like Gecko) Chrome/68.0.3440.84 Safari/537.36"
::1 - - [07/Aug/2018:12:14:22 +0000] "POST //festivals HTTP/1.1" 404 150 "http://localhost:4200/festivals" "Mozilla/5.0 (Windows NT 10.0; Win64; x64) AppleWebKit/537.36 (KHTML, like Gecko) Chrome/68.0.3440.84 Safari/537.36"
